Using pre-set license
Built from '2020.3/staging' branch; Version is '2020.3.11f1 (99c7afb366b3) revision 10078127'; Using compiler version '192528614'; Build Type 'Release'
OS: 'Windows 10 Home; OS build 19042.1288; Version 2009; 64bit' Language: 'ja' Physical Memory: 16325 MB
BatchMode: 1, IsHumanControllingUs: 0, StartBugReporterOnCrash: 0, Is64bit: 1, IsPro: 0

 COMMAND LINE ARGUMENTS:
C:\Program Files\Unity\Hub\Editor\2020.3.11f1\Editor\Unity.exe
-adb2
-batchMode
-noUpm
-name
AssetImportWorker1
-projectPath
C:/Users/kaede/OneDrive/デスクトップ/team02_2/sotugyouseisaku
-logFile
Logs/AssetImportWorker1.log
-srvPort
55582
Successfully changed project path to: C:/Users/kaede/OneDrive/デスクトップ/team02_2/sotugyouseisaku
C:/Users/kaede/OneDrive/デスクトップ/team02_2/sotugyouseisaku
Using Asset Import Pipeline V2.
Refreshing native plugins compatible for Editor in 63.59 ms, found 2 plugins.
Preloading 0 native plugins for Editor in 0.00 ms.
Initialize engine version: 2020.3.11f1 (99c7afb366b3)
[Subsystems] Discovering subsystems at path C:/Program Files/Unity/Hub/Editor/2020.3.11f1/Editor/Data/Resources/UnitySubsystems
[Subsystems] Discovering subsystems at path C:/Users/kaede/OneDrive/デスクトップ/team02_2/sotugyouseisaku/Assets
GfxDevice: creating device client; threaded=0
Direct3D:
    Version:  Direct3D 11.0 [level 11.1]
    Renderer: NVIDIA GeForce GTX 1060 (ID=0x1c20)
    Vendor:   
    VRAM:     6052 MB
    Driver:   30.0.14.9649
Initialize mono
Mono path[0] = 'C:/Program Files/Unity/Hub/Editor/2020.3.11f1/Editor/Data/Managed'
Mono path[1] = 'C:/Program Files/Unity/Hub/Editor/2020.3.11f1/Editor/Data/MonoBleedingEdge/lib/mono/unityjit'
Mono config path = 'C:/Program Files/Unity/Hub/Editor/2020.3.11f1/Editor/Data/MonoBleedingEdge/etc'
Using monoOptions --debugger-agent=transport=dt_socket,embedding=1,server=y,suspend=n,address=127.0.0.1:56124
Begin MonoManager ReloadAssembly
Registering precompiled unity dll's ...
Register platform support module: C:/Program Files/Unity/Hub/Editor/2020.3.11f1/Editor/Data/PlaybackEngines/WebGLSupport/UnityEditor.WebGL.Extensions.dll
Register platform support module: C:/Program Files/Unity/Hub/Editor/2020.3.11f1/Editor/Data/PlaybackEngines/MacStandaloneSupport/UnityEditor.OSXStandalone.Extensions.dll
Register platform support module: C:/Program Files/Unity/Hub/Editor/2020.3.11f1/Editor/Data/PlaybackEngines/WindowsStandaloneSupport/UnityEditor.WindowsStandalone.Extensions.dll
Registered in 0.003442 seconds.
Native extension for WindowsStandalone target not found
Native extension for OSXStandalone target not found
Native extension for WebGL target not found
Refreshing native plugins compatible for Editor in 62.13 ms, found 2 plugins.
Preloading 0 native plugins for Editor in 0.00 ms.
Mono: successfully reloaded assembly
- Completed reload, in  1.657 seconds
Platform modules already initialized, skipping
Registering precompiled user dll's ...
Registered in 0.006142 seconds.
Begin MonoManager ReloadAssembly
Native extension for WindowsStandalone target not found
Native extension for OSXStandalone target not found
Native extension for WebGL target not found
Refreshing native plugins compatible for Editor in 0.59 ms, found 2 plugins.
Preloading 0 native plugins for Editor in 0.00 ms.
Mono: successfully reloaded assembly
- Completed reload, in  1.431 seconds
Platform modules already initialized, skipping
========================================================================
Worker process is ready to serve import requests
Launched and connected shader compiler UnityShaderCompiler.exe after 0.08 seconds
Refreshing native plugins compatible for Editor in 0.81 ms, found 2 plugins.
Preloading 0 native plugins for Editor in 0.00 ms.
Unloading 2185 Unused Serialized files (Serialized files now loaded: 0)
System memory in use before: 123.2 MB.
System memory in use after: 123.3 MB.

Unloading 83 unused Assets to reduce memory usage. Loaded Objects now: 2640.
Total: 3.543600 ms (FindLiveObjects: 0.305200 ms CreateObjectMapping: 0.145600 ms MarkObjects: 2.631100 ms  DeleteObjects: 0.459900 ms)

========================================================================
Received Import Request.
  path: Assets/Kan/Prefab/Bullet_Test3.prefab
  artifactKey: Guid(49876d039843f6249a221fd7773d9057) Importer(815301076,1909f56bfc062723c751e8b465ee728b)
Start importing Assets/Kan/Prefab/Bullet_Test3.prefab using Guid(49876d039843f6249a221fd7773d9057) Importer(815301076,1909f56bfc062723c751e8b465ee728b)  -> (artifact id: 'eca458fe2fbdcccde20967705e2bb12e') in 0.183739 seconds
  Import took 0.188737 seconds .

========================================================================
Received Import Request.
  Time since last request: 0.000296 seconds.
  path: Assets/Kan/Prefab/Bullet_RayHit.prefab
  artifactKey: Guid(d909880d5d2ca074d9cf09604980fef1) Importer(815301076,1909f56bfc062723c751e8b465ee728b)
Start importing Assets/Kan/Prefab/Bullet_RayHit.prefab using Guid(d909880d5d2ca074d9cf09604980fef1) Importer(815301076,1909f56bfc062723c751e8b465ee728b)  -> (artifact id: '88212664cd408c575686a3d405048f31') in 0.024660 seconds
  Import took 0.029622 seconds .

========================================================================
Received Import Request.
  Time since last request: 0.000356 seconds.
  path: Assets/Kan/Prefab/Muzzle_RayBullet.prefab
  artifactKey: Guid(2ba5d36c5e86cc648a4022a4935299d4) Importer(815301076,1909f56bfc062723c751e8b465ee728b)
Start importing Assets/Kan/Prefab/Muzzle_RayBullet.prefab using Guid(2ba5d36c5e86cc648a4022a4935299d4) Importer(815301076,1909f56bfc062723c751e8b465ee728b)  -> (artifact id: '6da414eab83893c10bcc53d5b6ac5d1c') in 0.015314 seconds
  Import took 0.021301 seconds .

========================================================================
Received Import Request.
  Time since last request: 0.000295 seconds.
  path: Assets/Kan/Prefab
  artifactKey: Guid(ace8782ed752913459bb1aacb3d1b400) Importer(815301076,1909f56bfc062723c751e8b465ee728b)
Start importing Assets/Kan/Prefab using Guid(ace8782ed752913459bb1aacb3d1b400) Importer(815301076,1909f56bfc062723c751e8b465ee728b)  -> (artifact id: 'c11c0b9788ada17a94c5f12ec650d57e') in 0.009601 seconds
  Import took 0.014060 seconds .

========================================================================
Received Import Request.
  Time since last request: 0.000328 seconds.
  path: Assets/Kan/Prefab/Muzzle.prefab
  artifactKey: Guid(170110aa26fdec748ab0766b89aec058) Importer(815301076,1909f56bfc062723c751e8b465ee728b)
Start importing Assets/Kan/Prefab/Muzzle.prefab using Guid(170110aa26fdec748ab0766b89aec058) Importer(815301076,1909f56bfc062723c751e8b465ee728b)  -> (artifact id: '0bd89a10f3722cc75235f8cf949bb33b') in 0.012508 seconds
  Import took 0.017606 seconds .

========================================================================
Received Import Request.
  Time since last request: 0.000338 seconds.
  path: Assets/Kan/Prefab/Bullet2test.prefab
  artifactKey: Guid(8ee548ff18577d6458b1cf0734250d2a) Importer(815301076,1909f56bfc062723c751e8b465ee728b)
Start importing Assets/Kan/Prefab/Bullet2test.prefab using Guid(8ee548ff18577d6458b1cf0734250d2a) Importer(815301076,1909f56bfc062723c751e8b465ee728b)  -> (artifact id: '0b96c286bf8804dcc4d64d0f5d014fd6') in 0.024863 seconds
  Import took 0.030009 seconds .

========================================================================
Received Import Request.
  Time since last request: 0.000257 seconds.
  path: Assets/Kan/Script
  artifactKey: Guid(75fcb2e2ada46e64585f981756ee83ea) Importer(815301076,1909f56bfc062723c751e8b465ee728b)
Start importing Assets/Kan/Script using Guid(75fcb2e2ada46e64585f981756ee83ea) Importer(815301076,1909f56bfc062723c751e8b465ee728b)  -> (artifact id: '4252f869ddb7ecf3a7e1c58f20b574a6') in 0.010241 seconds
  Import took 0.015963 seconds .

========================================================================
Received Import Request.
  Time since last request: 0.000313 seconds.
  path: Assets/Kan/Prefab/Gun_UI.prefab
  artifactKey: Guid(27ae5e6873f0c1d49acb79dbcf7c598b) Importer(815301076,1909f56bfc062723c751e8b465ee728b)
Start importing Assets/Kan/Prefab/Gun_UI.prefab using Guid(27ae5e6873f0c1d49acb79dbcf7c598b) Importer(815301076,1909f56bfc062723c751e8b465ee728b)  -> (artifact id: '9bf6184bb8941dc4c2eb722b25285d99') in 0.032888 seconds
  Import took 0.037410 seconds .

========================================================================
Received Import Request.
  Time since last request: 0.000310 seconds.
  path: Assets/Kan/Prefab/Bullet.prefab
  artifactKey: Guid(cc007c2efff27fa4d932923f709117c3) Importer(815301076,1909f56bfc062723c751e8b465ee728b)
Start importing Assets/Kan/Prefab/Bullet.prefab using Guid(cc007c2efff27fa4d932923f709117c3) Importer(815301076,1909f56bfc062723c751e8b465ee728b)  -> (artifact id: '075e3fe1a049babe8f746e266bf9c1f3') in 0.024154 seconds
  Import took 0.028421 seconds .

========================================================================
Received Prepare
Refreshing native plugins compatible for Editor in 3.92 ms, found 2 plugins.
Preloading 0 native plugins for Editor in 0.00 ms.
Unloading 14 Unused Serialized files (Serialized files now loaded: 0)
System memory in use before: 94.4 MB.
System memory in use after: 94.5 MB.

Unloading 16 unused Assets to reduce memory usage. Loaded Objects now: 2651.
Total: 2.760100 ms (FindLiveObjects: 0.233600 ms CreateObjectMapping: 0.100200 ms MarkObjects: 2.392300 ms  DeleteObjects: 0.032900 ms)

========================================================================
Received Import Request.
  Time since last request: 150.247654 seconds.
  path: Assets/Kan/Prefab/Bullet_Test3.prefab
  artifactKey: Guid(49876d039843f6249a221fd7773d9057) Importer(815301076,1909f56bfc062723c751e8b465ee728b)
Start importing Assets/Kan/Prefab/Bullet_Test3.prefab using Guid(49876d039843f6249a221fd7773d9057) Importer(815301076,1909f56bfc062723c751e8b465ee728b)  -> (artifact id: '5c38d61ee4b6836c1a4cc293fc9ccee7') in 0.034808 seconds
  Import took 0.039293 seconds .

========================================================================
Received Prepare
Registering precompiled user dll's ...
Registered in 0.008341 seconds.
Begin MonoManager ReloadAssembly
Native extension for WindowsStandalone target not found
Native extension for OSXStandalone target not found
Native extension for WebGL target not found
Refreshing native plugins compatible for Editor in 0.58 ms, found 2 plugins.
Preloading 0 native plugins for Editor in 0.00 ms.
Mono: successfully reloaded assembly
- Completed reload, in  1.307 seconds
Platform modules already initialized, skipping
Refreshing native plugins compatible for Editor in 0.57 ms, found 2 plugins.
Preloading 0 native plugins for Editor in 0.00 ms.
Unloading 2132 Unused Serialized files (Serialized files now loaded: 0)
System memory in use before: 135.3 MB.
System memory in use after: 135.4 MB.

Unloading 78 unused Assets to reduce memory usage. Loaded Objects now: 2653.
Total: 3.466400 ms (FindLiveObjects: 0.484200 ms CreateObjectMapping: 0.173600 ms MarkObjects: 2.655600 ms  DeleteObjects: 0.151900 ms)

========================================================================
Received Prepare
Registering precompiled user dll's ...
Registered in 0.005598 seconds.
Begin MonoManager ReloadAssembly
Native extension for WindowsStandalone target not found
Native extension for OSXStandalone target not found
Native extension for WebGL target not found
Refreshing native plugins compatible for Editor in 0.78 ms, found 2 plugins.
Preloading 0 native plugins for Editor in 0.00 ms.
Mono: successfully reloaded assembly
- Completed reload, in  1.627 seconds
Platform modules already initialized, skipping
Refreshing native plugins compatible for Editor in 0.86 ms, found 2 plugins.
Preloading 0 native plugins for Editor in 0.00 ms.
Unloading 2132 Unused Serialized files (Serialized files now loaded: 0)
System memory in use before: 135.4 MB.
System memory in use after: 135.5 MB.

Unloading 78 unused Assets to reduce memory usage. Loaded Objects now: 2655.
Total: 3.431300 ms (FindLiveObjects: 0.458500 ms CreateObjectMapping: 0.351500 ms MarkObjects: 2.511900 ms  DeleteObjects: 0.107800 ms)

========================================================================
Received Prepare
Registering precompiled user dll's ...
Registered in 0.005578 seconds.
Begin MonoManager ReloadAssembly
Native extension for WindowsStandalone target not found
Native extension for OSXStandalone target not found
Native extension for WebGL target not found
Refreshing native plugins compatible for Editor in 0.64 ms, found 2 plugins.
Preloading 0 native plugins for Editor in 0.00 ms.
Mono: successfully reloaded assembly
- Completed reload, in  1.306 seconds
Platform modules already initialized, skipping
Refreshing native plugins compatible for Editor in 0.74 ms, found 2 plugins.
Preloading 0 native plugins for Editor in 0.00 ms.
Unloading 2132 Unused Serialized files (Serialized files now loaded: 0)
System memory in use before: 135.4 MB.
System memory in use after: 135.6 MB.

Unloading 78 unused Assets to reduce memory usage. Loaded Objects now: 2657.
Total: 2.871600 ms (FindLiveObjects: 0.205100 ms CreateObjectMapping: 0.084800 ms MarkObjects: 2.439900 ms  DeleteObjects: 0.140600 ms)

AssetImportWorkerClient::OnTransportError - code=2 error=End of file
