Using pre-set license
Built from '2020.3/staging' branch; Version is '2020.3.11f1 (99c7afb366b3) revision 10078127'; Using compiler version '192528614'; Build Type 'Release'
OS: 'Windows 10 Home; OS build 19043.1348; Version 2009; 64bit' Language: 'ja' Physical Memory: 7873 MB
BatchMode: 1, IsHumanControllingUs: 0, StartBugReporterOnCrash: 0, Is64bit: 1, IsPro: 0

 COMMAND LINE ARGUMENTS:
C:\Program Files\Unity\Hub\Editor\2020.3.11f1\Editor\Unity.exe
-adb2
-batchMode
-noUpm
-name
AssetImportWorker0
-projectPath
C:/team02.2/sotugyouseisaku
-logFile
Logs/AssetImportWorker0.log
-srvPort
55661
Successfully changed project path to: C:/team02.2/sotugyouseisaku
C:/team02.2/sotugyouseisaku
Using Asset Import Pipeline V2.
Refreshing native plugins compatible for Editor in 85.13 ms, found 2 plugins.
Preloading 0 native plugins for Editor in 0.00 ms.
Initialize engine version: 2020.3.11f1 (99c7afb366b3)
[Subsystems] Discovering subsystems at path C:/Program Files/Unity/Hub/Editor/2020.3.11f1/Editor/Data/Resources/UnitySubsystems
[Subsystems] Discovering subsystems at path C:/team02.2/sotugyouseisaku/Assets
GfxDevice: creating device client; threaded=0
Direct3D:
    Version:  Direct3D 11.0 [level 11.1]
    Renderer: NVIDIA GeForce GTX 1060 (ID=0x1c20)
    Vendor:   
    VRAM:     6081 MB
    Driver:   22.21.13.8216
Initialize mono
Mono path[0] = 'C:/Program Files/Unity/Hub/Editor/2020.3.11f1/Editor/Data/Managed'
Mono path[1] = 'C:/Program Files/Unity/Hub/Editor/2020.3.11f1/Editor/Data/MonoBleedingEdge/lib/mono/unityjit'
Mono config path = 'C:/Program Files/Unity/Hub/Editor/2020.3.11f1/Editor/Data/MonoBleedingEdge/etc'
Using monoOptions --debugger-agent=transport=dt_socket,embedding=1,server=y,suspend=n,address=127.0.0.1:56836
Begin MonoManager ReloadAssembly
Registering precompiled unity dll's ...
Register platform support module: C:/Program Files/Unity/Hub/Editor/2020.3.11f1/Editor/Data/PlaybackEngines/WindowsStandaloneSupport/UnityEditor.WindowsStandalone.Extensions.dll
Registered in 0.003644 seconds.
Native extension for WindowsStandalone target not found
Refreshing native plugins compatible for Editor in 90.53 ms, found 2 plugins.
Preloading 0 native plugins for Editor in 0.00 ms.
Mono: successfully reloaded assembly
- Completed reload, in  3.643 seconds
Platform modules already initialized, skipping
Registering precompiled user dll's ...
Registered in 0.007758 seconds.
Begin MonoManager ReloadAssembly
Native extension for WindowsStandalone target not found
Refreshing native plugins compatible for Editor in 0.77 ms, found 2 plugins.
Preloading 0 native plugins for Editor in 0.00 ms.
Mono: successfully reloaded assembly
- Completed reload, in  1.626 seconds
Platform modules already initialized, skipping
========================================================================
Worker process is ready to serve import requests
Launched and connected shader compiler UnityShaderCompiler.exe after 0.07 seconds
Refreshing native plugins compatible for Editor in 1.02 ms, found 2 plugins.
Preloading 0 native plugins for Editor in 0.00 ms.
Unloading 2225 Unused Serialized files (Serialized files now loaded: 0)
System memory in use before: 125.6 MB.
System memory in use after: 125.7 MB.

Unloading 84 unused Assets to reduce memory usage. Loaded Objects now: 2680.
Total: 4.460100 ms (FindLiveObjects: 0.349300 ms CreateObjectMapping: 0.249900 ms MarkObjects: 3.484200 ms  DeleteObjects: 0.374900 ms)

========================================================================
Received Import Request.
  path: Assets/Scenes/Game.unity
  artifactKey: Guid(9fc0d4010bbf28b4594072e72b8655ab) Importer(815301076,1909f56bfc062723c751e8b465ee728b)
Start importing Assets/Scenes/Game.unity using Guid(9fc0d4010bbf28b4594072e72b8655ab) Importer(815301076,1909f56bfc062723c751e8b465ee728b)  -> (artifact id: '7b3718db26a09316f347153fe260f5ea') in 0.012557 seconds
  Import took 0.019750 seconds .

========================================================================
Received Import Request.
  Time since last request: 21.554374 seconds.
  path: Assets/Scenes/Honda.unity
  artifactKey: Guid(9fdfd563e54509e4bbfc524e48a8e6c3) Importer(815301076,1909f56bfc062723c751e8b465ee728b)
Start importing Assets/Scenes/Honda.unity using Guid(9fdfd563e54509e4bbfc524e48a8e6c3) Importer(815301076,1909f56bfc062723c751e8b465ee728b)  -> (artifact id: 'e7efdec25cc8032e215504d3d74f3103') in 0.009267 seconds
  Import took 0.016020 seconds .

========================================================================
Received Prepare
Refreshing native plugins compatible for Editor in 5.34 ms, found 2 plugins.
Preloading 0 native plugins for Editor in 0.00 ms.
Unloading 15 Unused Serialized files (Serialized files now loaded: 0)
System memory in use before: 76.9 MB.
System memory in use after: 76.9 MB.

Unloading 14 unused Assets to reduce memory usage. Loaded Objects now: 2680.
Total: 4.140700 ms (FindLiveObjects: 0.569000 ms CreateObjectMapping: 0.172000 ms MarkObjects: 3.109300 ms  DeleteObjects: 0.289300 ms)

========================================================================
Received Import Request.
  Time since last request: 75.241958 seconds.
  path: Assets/Koiso/Titan.prefab
  artifactKey: Guid(a45b331c877aef346a5f0d9d1762d138) Importer(815301076,1909f56bfc062723c751e8b465ee728b)
Start importing Assets/Koiso/Titan.prefab using Guid(a45b331c877aef346a5f0d9d1762d138) Importer(815301076,1909f56bfc062723c751e8b465ee728b)  -> (artifact id: '17f23d52fc8a7bfcb42af25a49b5a98d') in 0.300528 seconds
  Import took 0.308316 seconds .

========================================================================
Received Prepare
Registering precompiled user dll's ...
Registered in 0.017635 seconds.
Begin MonoManager ReloadAssembly
Native extension for WindowsStandalone target not found
Refreshing native plugins compatible for Editor in 1.05 ms, found 2 plugins.
Preloading 0 native plugins for Editor in 0.00 ms.
Mono: successfully reloaded assembly
- Completed reload, in  1.611 seconds
Platform modules already initialized, skipping
Refreshing native plugins compatible for Editor in 0.78 ms, found 2 plugins.
Preloading 0 native plugins for Editor in 0.00 ms.
Unloading 2159 Unused Serialized files (Serialized files now loaded: 0)
System memory in use before: 136.2 MB.
System memory in use after: 136.4 MB.

Unloading 79 unused Assets to reduce memory usage. Loaded Objects now: 2690.
Total: 4.543000 ms (FindLiveObjects: 0.432400 ms CreateObjectMapping: 0.477000 ms MarkObjects: 3.319000 ms  DeleteObjects: 0.312400 ms)

========================================================================
Received Import Request.
  Time since last request: 978.565415 seconds.
  path: Assets/Koiso/Titan.prefab
  artifactKey: Guid(a45b331c877aef346a5f0d9d1762d138) Importer(815301076,1909f56bfc062723c751e8b465ee728b)
Start importing Assets/Koiso/Titan.prefab using Guid(a45b331c877aef346a5f0d9d1762d138) Importer(815301076,1909f56bfc062723c751e8b465ee728b)  -> (artifact id: '5889d120a94ec4422b12f0ae8e9f9d55') in 0.199377 seconds
  Import took 0.205114 seconds .

========================================================================
Received Prepare
Registering precompiled user dll's ...
Registered in 0.007724 seconds.
Begin MonoManager ReloadAssembly
Native extension for WindowsStandalone target not found
Refreshing native plugins compatible for Editor in 0.72 ms, found 2 plugins.
Preloading 0 native plugins for Editor in 0.00 ms.
Mono: successfully reloaded assembly
- Completed reload, in  1.963 seconds
Platform modules already initialized, skipping
Refreshing native plugins compatible for Editor in 0.70 ms, found 2 plugins.
Preloading 0 native plugins for Editor in 0.00 ms.
Unloading 2159 Unused Serialized files (Serialized files now loaded: 0)
System memory in use before: 136.3 MB.
System memory in use after: 136.5 MB.

Unloading 79 unused Assets to reduce memory usage. Loaded Objects now: 2693.
Total: 3.196900 ms (FindLiveObjects: 0.260500 ms CreateObjectMapping: 0.114200 ms MarkObjects: 2.454700 ms  DeleteObjects: 0.366100 ms)

========================================================================
Received Prepare
Registering precompiled user dll's ...
Registered in 0.009148 seconds.
Begin MonoManager ReloadAssembly
Native extension for WindowsStandalone target not found
Refreshing native plugins compatible for Editor in 0.68 ms, found 2 plugins.
Preloading 0 native plugins for Editor in 0.00 ms.
Mono: successfully reloaded assembly
- Completed reload, in  1.558 seconds
Platform modules already initialized, skipping
Refreshing native plugins compatible for Editor in 0.93 ms, found 2 plugins.
Preloading 0 native plugins for Editor in 0.00 ms.
Unloading 2159 Unused Serialized files (Serialized files now loaded: 0)
System memory in use before: 136.3 MB.
System memory in use after: 136.5 MB.

Unloading 79 unused Assets to reduce memory usage. Loaded Objects now: 2695.
Total: 4.653200 ms (FindLiveObjects: 0.319100 ms CreateObjectMapping: 0.130900 ms MarkObjects: 3.886400 ms  DeleteObjects: 0.315100 ms)

========================================================================
Received Prepare
Registering precompiled user dll's ...
Registered in 0.011846 seconds.
Begin MonoManager ReloadAssembly
Native extension for WindowsStandalone target not found
Refreshing native plugins compatible for Editor in 0.84 ms, found 2 plugins.
Preloading 0 native plugins for Editor in 0.00 ms.
Mono: successfully reloaded assembly
- Completed reload, in  1.559 seconds
Platform modules already initialized, skipping
Refreshing native plugins compatible for Editor in 1.19 ms, found 2 plugins.
Preloading 0 native plugins for Editor in 0.00 ms.
Unloading 2159 Unused Serialized files (Serialized files now loaded: 0)
System memory in use before: 136.3 MB.
System memory in use after: 136.5 MB.

Unloading 79 unused Assets to reduce memory usage. Loaded Objects now: 2697.
Total: 4.334300 ms (FindLiveObjects: 0.306500 ms CreateObjectMapping: 0.138700 ms MarkObjects: 3.559100 ms  DeleteObjects: 0.328500 ms)

========================================================================
Received Prepare
Registering precompiled user dll's ...
Registered in 0.011203 seconds.
Begin MonoManager ReloadAssembly
Native extension for WindowsStandalone target not found
Refreshing native plugins compatible for Editor in 1.35 ms, found 2 plugins.
Preloading 0 native plugins for Editor in 0.00 ms.
Mono: successfully reloaded assembly
- Completed reload, in  2.103 seconds
Platform modules already initialized, skipping
Refreshing native plugins compatible for Editor in 0.70 ms, found 2 plugins.
Preloading 0 native plugins for Editor in 0.00 ms.
Unloading 2159 Unused Serialized files (Serialized files now loaded: 0)
System memory in use before: 136.2 MB.
System memory in use after: 136.4 MB.

Unloading 79 unused Assets to reduce memory usage. Loaded Objects now: 2699.
Total: 3.262000 ms (FindLiveObjects: 0.244100 ms CreateObjectMapping: 0.136700 ms MarkObjects: 2.462300 ms  DeleteObjects: 0.417300 ms)

========================================================================
Received Prepare
Registering precompiled user dll's ...
Registered in 0.007638 seconds.
Begin MonoManager ReloadAssembly
Native extension for WindowsStandalone target not found
Refreshing native plugins compatible for Editor in 0.66 ms, found 2 plugins.
Preloading 0 native plugins for Editor in 0.00 ms.
Mono: successfully reloaded assembly
- Completed reload, in  1.598 seconds
Platform modules already initialized, skipping
Refreshing native plugins compatible for Editor in 1.11 ms, found 2 plugins.
Preloading 0 native plugins for Editor in 0.00 ms.
Unloading 2159 Unused Serialized files (Serialized files now loaded: 0)
System memory in use before: 136.3 MB.
System memory in use after: 136.5 MB.

Unloading 79 unused Assets to reduce memory usage. Loaded Objects now: 2701.
Total: 3.003400 ms (FindLiveObjects: 0.266800 ms CreateObjectMapping: 0.115400 ms MarkObjects: 2.315000 ms  DeleteObjects: 0.304700 ms)

========================================================================
Received Prepare
Registering precompiled user dll's ...
Registered in 0.007822 seconds.
Begin MonoManager ReloadAssembly
Native extension for WindowsStandalone target not found
Refreshing native plugins compatible for Editor in 1.15 ms, found 2 plugins.
Preloading 0 native plugins for Editor in 0.00 ms.
Mono: successfully reloaded assembly
- Completed reload, in  1.479 seconds
Platform modules already initialized, skipping
Refreshing native plugins compatible for Editor in 1.13 ms, found 2 plugins.
Preloading 0 native plugins for Editor in 0.00 ms.
Unloading 2159 Unused Serialized files (Serialized files now loaded: 0)
System memory in use before: 136.4 MB.
System memory in use after: 136.5 MB.

Unloading 79 unused Assets to reduce memory usage. Loaded Objects now: 2703.
Total: 3.414500 ms (FindLiveObjects: 0.276000 ms CreateObjectMapping: 0.106700 ms MarkObjects: 2.689000 ms  DeleteObjects: 0.341300 ms)

========================================================================
Received Prepare
Registering precompiled user dll's ...
Registered in 0.008221 seconds.
Begin MonoManager ReloadAssembly
Native extension for WindowsStandalone target not found
Refreshing native plugins compatible for Editor in 0.75 ms, found 2 plugins.
Preloading 0 native plugins for Editor in 0.00 ms.
Mono: successfully reloaded assembly
- Completed reload, in  1.685 seconds
Platform modules already initialized, skipping
Refreshing native plugins compatible for Editor in 0.85 ms, found 2 plugins.
Preloading 0 native plugins for Editor in 0.00 ms.
Unloading 2159 Unused Serialized files (Serialized files now loaded: 0)
System memory in use before: 136.4 MB.
System memory in use after: 136.5 MB.

Unloading 79 unused Assets to reduce memory usage. Loaded Objects now: 2705.
Total: 3.067800 ms (FindLiveObjects: 0.257700 ms CreateObjectMapping: 0.110800 ms MarkObjects: 2.315700 ms  DeleteObjects: 0.382300 ms)

========================================================================
Received Prepare
Registering precompiled user dll's ...
Registered in 0.010657 seconds.
Begin MonoManager ReloadAssembly
Native extension for WindowsStandalone target not found
Refreshing native plugins compatible for Editor in 1.26 ms, found 2 plugins.
Preloading 0 native plugins for Editor in 0.00 ms.
Mono: successfully reloaded assembly
- Completed reload, in  1.872 seconds
Platform modules already initialized, skipping
Refreshing native plugins compatible for Editor in 0.70 ms, found 2 plugins.
Preloading 0 native plugins for Editor in 0.00 ms.
Unloading 2159 Unused Serialized files (Serialized files now loaded: 0)
System memory in use before: 136.4 MB.
System memory in use after: 136.5 MB.

Unloading 79 unused Assets to reduce memory usage. Loaded Objects now: 2707.
Total: 3.391300 ms (FindLiveObjects: 0.478200 ms CreateObjectMapping: 0.228600 ms MarkObjects: 2.386100 ms  DeleteObjects: 0.297100 ms)

========================================================================
Received Prepare
Registering precompiled user dll's ...
Registered in 0.008121 seconds.
Begin MonoManager ReloadAssembly
Native extension for WindowsStandalone target not found
Refreshing native plugins compatible for Editor in 0.82 ms, found 2 plugins.
Preloading 0 native plugins for Editor in 0.00 ms.
Mono: successfully reloaded assembly
- Completed reload, in  1.496 seconds
Platform modules already initialized, skipping
Refreshing native plugins compatible for Editor in 0.72 ms, found 2 plugins.
Preloading 0 native plugins for Editor in 0.00 ms.
Unloading 2159 Unused Serialized files (Serialized files now loaded: 0)
System memory in use before: 136.3 MB.
System memory in use after: 136.4 MB.

Unloading 79 unused Assets to reduce memory usage. Loaded Objects now: 2709.
Total: 3.789700 ms (FindLiveObjects: 0.342400 ms CreateObjectMapping: 0.178700 ms MarkObjects: 2.903200 ms  DeleteObjects: 0.363600 ms)

========================================================================
Received Prepare
Registering precompiled user dll's ...
Registered in 0.011721 seconds.
Begin MonoManager ReloadAssembly
Native extension for WindowsStandalone target not found
Refreshing native plugins compatible for Editor in 1.25 ms, found 2 plugins.
Preloading 0 native plugins for Editor in 0.00 ms.
Mono: successfully reloaded assembly
- Completed reload, in  1.818 seconds
Platform modules already initialized, skipping
Refreshing native plugins compatible for Editor in 0.75 ms, found 2 plugins.
Preloading 0 native plugins for Editor in 0.00 ms.
Unloading 2159 Unused Serialized files (Serialized files now loaded: 0)
System memory in use before: 136.4 MB.
System memory in use after: 136.5 MB.

Unloading 79 unused Assets to reduce memory usage. Loaded Objects now: 2711.
Total: 4.204800 ms (FindLiveObjects: 0.334300 ms CreateObjectMapping: 0.159300 ms MarkObjects: 3.223800 ms  DeleteObjects: 0.485700 ms)

========================================================================
Received Prepare
Registering precompiled user dll's ...
Registered in 0.018472 seconds.
Begin MonoManager ReloadAssembly
Native extension for WindowsStandalone target not found
Refreshing native plugins compatible for Editor in 0.69 ms, found 2 plugins.
Preloading 0 native plugins for Editor in 0.00 ms.
Mono: successfully reloaded assembly
- Completed reload, in  1.589 seconds
Platform modules already initialized, skipping
Refreshing native plugins compatible for Editor in 0.84 ms, found 2 plugins.
Preloading 0 native plugins for Editor in 0.00 ms.
Unloading 2159 Unused Serialized files (Serialized files now loaded: 0)
System memory in use before: 136.4 MB.
System memory in use after: 136.5 MB.

Unloading 79 unused Assets to reduce memory usage. Loaded Objects now: 2713.
Total: 3.983000 ms (FindLiveObjects: 0.274300 ms CreateObjectMapping: 0.127900 ms MarkObjects: 2.688400 ms  DeleteObjects: 0.890700 ms)

========================================================================
Received Prepare
Registering precompiled user dll's ...
Registered in 0.015959 seconds.
Begin MonoManager ReloadAssembly
Native extension for WindowsStandalone target not found
Refreshing native plugins compatible for Editor in 0.83 ms, found 2 plugins.
Preloading 0 native plugins for Editor in 0.00 ms.
Mono: successfully reloaded assembly
- Completed reload, in  1.986 seconds
Platform modules already initialized, skipping
Refreshing native plugins compatible for Editor in 1.07 ms, found 2 plugins.
Preloading 0 native plugins for Editor in 0.00 ms.
Unloading 2159 Unused Serialized files (Serialized files now loaded: 0)
System memory in use before: 136.4 MB.
System memory in use after: 136.5 MB.

Unloading 79 unused Assets to reduce memory usage. Loaded Objects now: 2715.
Total: 3.249100 ms (FindLiveObjects: 0.378300 ms CreateObjectMapping: 0.187500 ms MarkObjects: 2.376000 ms  DeleteObjects: 0.305700 ms)

========================================================================
Received Prepare
Registering precompiled user dll's ...
Registered in 0.013204 seconds.
Begin MonoManager ReloadAssembly
Native extension for WindowsStandalone target not found
Refreshing native plugins compatible for Editor in 0.67 ms, found 2 plugins.
Preloading 0 native plugins for Editor in 0.00 ms.
Mono: successfully reloaded assembly
- Completed reload, in  1.540 seconds
Platform modules already initialized, skipping
Refreshing native plugins compatible for Editor in 1.51 ms, found 2 plugins.
Preloading 0 native plugins for Editor in 0.00 ms.
Unloading 2159 Unused Serialized files (Serialized files now loaded: 0)
System memory in use before: 136.4 MB.
System memory in use after: 136.5 MB.

Unloading 79 unused Assets to reduce memory usage. Loaded Objects now: 2717.
Total: 3.301900 ms (FindLiveObjects: 0.295300 ms CreateObjectMapping: 0.128100 ms MarkObjects: 2.556200 ms  DeleteObjects: 0.320300 ms)

========================================================================
Received Prepare
Registering precompiled user dll's ...
Registered in 0.011419 seconds.
Begin MonoManager ReloadAssembly
Native extension for WindowsStandalone target not found
Refreshing native plugins compatible for Editor in 0.66 ms, found 2 plugins.
Preloading 0 native plugins for Editor in 0.00 ms.
Mono: successfully reloaded assembly
- Completed reload, in  1.938 seconds
Platform modules already initialized, skipping
Refreshing native plugins compatible for Editor in 0.95 ms, found 2 plugins.
Preloading 0 native plugins for Editor in 0.00 ms.
Unloading 2159 Unused Serialized files (Serialized files now loaded: 0)
System memory in use before: 136.3 MB.
System memory in use after: 136.5 MB.

Unloading 79 unused Assets to reduce memory usage. Loaded Objects now: 2719.
Total: 3.489600 ms (FindLiveObjects: 0.248200 ms CreateObjectMapping: 0.112200 ms MarkObjects: 2.800000 ms  DeleteObjects: 0.327100 ms)

========================================================================
Received Prepare
Registering precompiled user dll's ...
Registered in 0.008360 seconds.
Begin MonoManager ReloadAssembly
Native extension for WindowsStandalone target not found
Refreshing native plugins compatible for Editor in 0.76 ms, found 2 plugins.
Preloading 0 native plugins for Editor in 0.00 ms.
Mono: successfully reloaded assembly
- Completed reload, in  1.566 seconds
Platform modules already initialized, skipping
Refreshing native plugins compatible for Editor in 0.69 ms, found 2 plugins.
Preloading 0 native plugins for Editor in 0.00 ms.
Unloading 2159 Unused Serialized files (Serialized files now loaded: 0)
System memory in use before: 136.4 MB.
System memory in use after: 136.6 MB.

Unloading 79 unused Assets to reduce memory usage. Loaded Objects now: 2721.
Total: 4.786300 ms (FindLiveObjects: 0.489800 ms CreateObjectMapping: 0.246500 ms MarkObjects: 3.643600 ms  DeleteObjects: 0.402800 ms)

========================================================================
Received Prepare
Registering precompiled user dll's ...
Registered in 0.010725 seconds.
Begin MonoManager ReloadAssembly
Native extension for WindowsStandalone target not found
Refreshing native plugins compatible for Editor in 1.32 ms, found 2 plugins.
Preloading 0 native plugins for Editor in 0.00 ms.
Mono: successfully reloaded assembly
- Completed reload, in  2.000 seconds
Platform modules already initialized, skipping
Refreshing native plugins compatible for Editor in 0.76 ms, found 2 plugins.
Preloading 0 native plugins for Editor in 0.00 ms.
Unloading 2159 Unused Serialized files (Serialized files now loaded: 0)
System memory in use before: 136.4 MB.
System memory in use after: 136.6 MB.

Unloading 79 unused Assets to reduce memory usage. Loaded Objects now: 2723.
Total: 2.897300 ms (FindLiveObjects: 0.261300 ms CreateObjectMapping: 0.113000 ms MarkObjects: 2.193200 ms  DeleteObjects: 0.328200 ms)

========================================================================
Received Prepare
Registering precompiled user dll's ...
Registered in 0.007526 seconds.
Begin MonoManager ReloadAssembly
Native extension for WindowsStandalone target not found
Refreshing native plugins compatible for Editor in 0.67 ms, found 2 plugins.
Preloading 0 native plugins for Editor in 0.00 ms.
Mono: successfully reloaded assembly
- Completed reload, in  1.556 seconds
Platform modules already initialized, skipping
Refreshing native plugins compatible for Editor in 0.70 ms, found 2 plugins.
Preloading 0 native plugins for Editor in 0.00 ms.
Unloading 2159 Unused Serialized files (Serialized files now loaded: 0)
System memory in use before: 136.4 MB.
System memory in use after: 136.6 MB.

Unloading 79 unused Assets to reduce memory usage. Loaded Objects now: 2725.
Total: 5.244300 ms (FindLiveObjects: 0.302100 ms CreateObjectMapping: 0.150200 ms MarkObjects: 2.985300 ms  DeleteObjects: 1.805000 ms)

========================================================================
Received Prepare
Registering precompiled user dll's ...
Registered in 0.034159 seconds.
Begin MonoManager ReloadAssembly
Native extension for WindowsStandalone target not found
Refreshing native plugins compatible for Editor in 1.25 ms, found 2 plugins.
Preloading 0 native plugins for Editor in 0.00 ms.
Mono: successfully reloaded assembly
- Completed reload, in  1.778 seconds
Platform modules already initialized, skipping
Refreshing native plugins compatible for Editor in 0.94 ms, found 2 plugins.
Preloading 0 native plugins for Editor in 0.00 ms.
Unloading 2159 Unused Serialized files (Serialized files now loaded: 0)
System memory in use before: 136.4 MB.
System memory in use after: 136.6 MB.

Unloading 79 unused Assets to reduce memory usage. Loaded Objects now: 2727.
Total: 3.321500 ms (FindLiveObjects: 0.317600 ms CreateObjectMapping: 0.130200 ms MarkObjects: 2.569300 ms  DeleteObjects: 0.302900 ms)

========================================================================
Received Prepare
Registering precompiled user dll's ...
Registered in 0.011761 seconds.
Begin MonoManager ReloadAssembly
Native extension for WindowsStandalone target not found
Refreshing native plugins compatible for Editor in 1.21 ms, found 2 plugins.
Preloading 0 native plugins for Editor in 0.00 ms.
Mono: successfully reloaded assembly
- Completed reload, in  1.660 seconds
Platform modules already initialized, skipping
Refreshing native plugins compatible for Editor in 0.98 ms, found 2 plugins.
Preloading 0 native plugins for Editor in 0.00 ms.
Unloading 2159 Unused Serialized files (Serialized files now loaded: 0)
System memory in use before: 136.3 MB.
System memory in use after: 136.5 MB.

Unloading 79 unused Assets to reduce memory usage. Loaded Objects now: 2729.
Total: 5.697200 ms (FindLiveObjects: 0.614400 ms CreateObjectMapping: 0.219700 ms MarkObjects: 3.934200 ms  DeleteObjects: 0.927500 ms)

========================================================================
Received Prepare
Registering precompiled user dll's ...
Registered in 0.011084 seconds.
Begin MonoManager ReloadAssembly
Native extension for WindowsStandalone target not found
Refreshing native plugins compatible for Editor in 0.69 ms, found 2 plugins.
Preloading 0 native plugins for Editor in 0.00 ms.
Mono: successfully reloaded assembly
- Completed reload, in  1.889 seconds
Platform modules already initialized, skipping
Refreshing native plugins compatible for Editor in 0.75 ms, found 2 plugins.
Preloading 0 native plugins for Editor in 0.00 ms.
Unloading 2159 Unused Serialized files (Serialized files now loaded: 0)
System memory in use before: 136.4 MB.
System memory in use after: 136.6 MB.

Unloading 79 unused Assets to reduce memory usage. Loaded Objects now: 2731.
Total: 2.873700 ms (FindLiveObjects: 0.250100 ms CreateObjectMapping: 0.130400 ms MarkObjects: 2.165300 ms  DeleteObjects: 0.326200 ms)

========================================================================
Received Prepare
Registering precompiled user dll's ...
Registered in 0.008565 seconds.
Begin MonoManager ReloadAssembly
Native extension for WindowsStandalone target not found
Refreshing native plugins compatible for Editor in 0.83 ms, found 2 plugins.
Preloading 0 native plugins for Editor in 0.00 ms.
Mono: successfully reloaded assembly
- Completed reload, in  1.511 seconds
Platform modules already initialized, skipping
Refreshing native plugins compatible for Editor in 0.67 ms, found 2 plugins.
Preloading 0 native plugins for Editor in 0.00 ms.
Unloading 2159 Unused Serialized files (Serialized files now loaded: 0)
System memory in use before: 136.4 MB.
System memory in use after: 136.6 MB.

Unloading 79 unused Assets to reduce memory usage. Loaded Objects now: 2733.
Total: 2.894600 ms (FindLiveObjects: 0.252900 ms CreateObjectMapping: 0.118600 ms MarkObjects: 2.200600 ms  DeleteObjects: 0.321000 ms)

========================================================================
Received Prepare
Registering precompiled user dll's ...
Registered in 0.008682 seconds.
Begin MonoManager ReloadAssembly
Native extension for WindowsStandalone target not found
Refreshing native plugins compatible for Editor in 0.66 ms, found 2 plugins.
Preloading 0 native plugins for Editor in 0.00 ms.
Mono: successfully reloaded assembly
- Completed reload, in  1.900 seconds
Platform modules already initialized, skipping
Refreshing native plugins compatible for Editor in 1.44 ms, found 2 plugins.
Preloading 0 native plugins for Editor in 0.00 ms.
Unloading 2159 Unused Serialized files (Serialized files now loaded: 0)
System memory in use before: 136.4 MB.
System memory in use after: 136.6 MB.

Unloading 79 unused Assets to reduce memory usage. Loaded Objects now: 2735.
Total: 12.911300 ms (FindLiveObjects: 0.563400 ms CreateObjectMapping: 0.527300 ms MarkObjects: 11.208600 ms  DeleteObjects: 0.608100 ms)

========================================================================
Received Prepare
Registering precompiled user dll's ...
Registered in 0.009300 seconds.
Begin MonoManager ReloadAssembly
Native extension for WindowsStandalone target not found
Refreshing native plugins compatible for Editor in 1.01 ms, found 2 plugins.
Preloading 0 native plugins for Editor in 0.00 ms.
Mono: successfully reloaded assembly
- Completed reload, in  1.734 seconds
Platform modules already initialized, skipping
Refreshing native plugins compatible for Editor in 0.78 ms, found 2 plugins.
Preloading 0 native plugins for Editor in 0.00 ms.
Unloading 2159 Unused Serialized files (Serialized files now loaded: 0)
System memory in use before: 136.4 MB.
System memory in use after: 136.6 MB.

Unloading 79 unused Assets to reduce memory usage. Loaded Objects now: 2737.
Total: 3.264400 ms (FindLiveObjects: 0.253900 ms CreateObjectMapping: 0.109200 ms MarkObjects: 2.611900 ms  DeleteObjects: 0.288100 ms)

========================================================================
Received Prepare
Registering precompiled user dll's ...
Registered in 0.009515 seconds.
Begin MonoManager ReloadAssembly
Native extension for WindowsStandalone target not found
Refreshing native plugins compatible for Editor in 0.70 ms, found 2 plugins.
Preloading 0 native plugins for Editor in 0.00 ms.
Mono: successfully reloaded assembly
- Completed reload, in  2.086 seconds
Platform modules already initialized, skipping
Refreshing native plugins compatible for Editor in 0.71 ms, found 2 plugins.
Preloading 0 native plugins for Editor in 0.00 ms.
Unloading 2159 Unused Serialized files (Serialized files now loaded: 0)
System memory in use before: 136.4 MB.
System memory in use after: 136.5 MB.

Unloading 79 unused Assets to reduce memory usage. Loaded Objects now: 2739.
Total: 5.955300 ms (FindLiveObjects: 0.459800 ms CreateObjectMapping: 0.196900 ms MarkObjects: 3.009000 ms  DeleteObjects: 2.286800 ms)

========================================================================
Received Prepare
Registering precompiled user dll's ...
Registered in 0.008145 seconds.
Begin MonoManager ReloadAssembly
Native extension for WindowsStandalone target not found
Refreshing native plugins compatible for Editor in 1.00 ms, found 2 plugins.
Preloading 0 native plugins for Editor in 0.00 ms.
Mono: successfully reloaded assembly
- Completed reload, in  1.624 seconds
Platform modules already initialized, skipping
Refreshing native plugins compatible for Editor in 0.71 ms, found 2 plugins.
Preloading 0 native plugins for Editor in 0.00 ms.
Unloading 2159 Unused Serialized files (Serialized files now loaded: 0)
System memory in use before: 136.4 MB.
System memory in use after: 136.6 MB.

Unloading 79 unused Assets to reduce memory usage. Loaded Objects now: 2741.
Total: 3.526600 ms (FindLiveObjects: 0.530700 ms CreateObjectMapping: 0.176400 ms MarkObjects: 2.516300 ms  DeleteObjects: 0.301500 ms)

========================================================================
Received Prepare
Registering precompiled user dll's ...
Registered in 0.009958 seconds.
Begin MonoManager ReloadAssembly
Native extension for WindowsStandalone target not found
Refreshing native plugins compatible for Editor in 0.97 ms, found 2 plugins.
Preloading 0 native plugins for Editor in 0.00 ms.
Mono: successfully reloaded assembly
- Completed reload, in  1.570 seconds
Platform modules already initialized, skipping
Refreshing native plugins compatible for Editor in 0.68 ms, found 2 plugins.
Preloading 0 native plugins for Editor in 0.00 ms.
Unloading 2159 Unused Serialized files (Serialized files now loaded: 0)
System memory in use before: 136.5 MB.
System memory in use after: 136.6 MB.

Unloading 79 unused Assets to reduce memory usage. Loaded Objects now: 2743.
Total: 3.984600 ms (FindLiveObjects: 0.250200 ms CreateObjectMapping: 0.114600 ms MarkObjects: 2.994000 ms  DeleteObjects: 0.623900 ms)

========================================================================
Received Import Request.
  Time since last request: 2143.597454 seconds.
  path: ProjectSettings/TagManager.asset
  artifactKey: Guid(00000000000000003000000000000000) Importer(815301076,1909f56bfc062723c751e8b465ee728b)
Start importing ProjectSettings/TagManager.asset using Guid(00000000000000003000000000000000) Importer(815301076,1909f56bfc062723c751e8b465ee728b)  -> (artifact id: 'bdd150e7ffa0919b8bde0a2e2ba87bf2') in 0.324341 seconds
  Import took 0.330893 seconds .

========================================================================
Received Prepare
Registering precompiled user dll's ...
Registered in 0.007842 seconds.
Begin MonoManager ReloadAssembly
Native extension for WindowsStandalone target not found
Refreshing native plugins compatible for Editor in 0.73 ms, found 2 plugins.
Preloading 0 native plugins for Editor in 0.00 ms.
Mono: successfully reloaded assembly
- Completed reload, in  1.704 seconds
Platform modules already initialized, skipping
Refreshing native plugins compatible for Editor in 0.72 ms, found 2 plugins.
Preloading 0 native plugins for Editor in 0.00 ms.
Unloading 2159 Unused Serialized files (Serialized files now loaded: 0)
System memory in use before: 136.5 MB.
System memory in use after: 136.6 MB.

Unloading 80 unused Assets to reduce memory usage. Loaded Objects now: 2745.
Total: 4.052300 ms (FindLiveObjects: 0.436800 ms CreateObjectMapping: 0.169200 ms MarkObjects: 3.124600 ms  DeleteObjects: 0.319900 ms)

========================================================================
Received Prepare
Registering precompiled user dll's ...
Registered in 0.010203 seconds.
Begin MonoManager ReloadAssembly
Native extension for WindowsStandalone target not found
Refreshing native plugins compatible for Editor in 0.75 ms, found 2 plugins.
Preloading 0 native plugins for Editor in 0.00 ms.
Mono: successfully reloaded assembly
- Completed reload, in  2.374 seconds
Platform modules already initialized, skipping
Refreshing native plugins compatible for Editor in 0.85 ms, found 2 plugins.
Preloading 0 native plugins for Editor in 0.00 ms.
Unloading 2159 Unused Serialized files (Serialized files now loaded: 0)
System memory in use before: 136.5 MB.
System memory in use after: 136.6 MB.

Unloading 79 unused Assets to reduce memory usage. Loaded Objects now: 2747.
Total: 3.729300 ms (FindLiveObjects: 0.672500 ms CreateObjectMapping: 0.273500 ms MarkObjects: 2.469700 ms  DeleteObjects: 0.311900 ms)

========================================================================
Received Prepare
Registering precompiled user dll's ...
Registered in 0.011342 seconds.
Begin MonoManager ReloadAssembly
Native extension for WindowsStandalone target not found
Refreshing native plugins compatible for Editor in 0.71 ms, found 2 plugins.
Preloading 0 native plugins for Editor in 0.00 ms.
Mono: successfully reloaded assembly
- Completed reload, in  1.720 seconds
Platform modules already initialized, skipping
Refreshing native plugins compatible for Editor in 0.68 ms, found 2 plugins.
Preloading 0 native plugins for Editor in 0.00 ms.
Unloading 2159 Unused Serialized files (Serialized files now loaded: 0)
System memory in use before: 136.4 MB.
System memory in use after: 136.5 MB.

Unloading 79 unused Assets to reduce memory usage. Loaded Objects now: 2749.
Total: 3.652900 ms (FindLiveObjects: 0.287600 ms CreateObjectMapping: 0.154500 ms MarkObjects: 2.899100 ms  DeleteObjects: 0.292100 ms)

========================================================================
Received Prepare
Registering precompiled user dll's ...
Registered in 0.010454 seconds.
Begin MonoManager ReloadAssembly
Native extension for WindowsStandalone target not found
Refreshing native plugins compatible for Editor in 0.93 ms, found 2 plugins.
Preloading 0 native plugins for Editor in 0.00 ms.
Mono: successfully reloaded assembly
- Completed reload, in  1.562 seconds
Platform modules already initialized, skipping
Refreshing native plugins compatible for Editor in 0.68 ms, found 2 plugins.
Preloading 0 native plugins for Editor in 0.00 ms.
Unloading 2159 Unused Serialized files (Serialized files now loaded: 0)
System memory in use before: 136.5 MB.
System memory in use after: 136.6 MB.

Unloading 79 unused Assets to reduce memory usage. Loaded Objects now: 2751.
Total: 3.761900 ms (FindLiveObjects: 0.257400 ms CreateObjectMapping: 0.122500 ms MarkObjects: 2.313800 ms  DeleteObjects: 1.066700 ms)

========================================================================
Received Prepare
Registering precompiled user dll's ...
Registered in 0.010347 seconds.
Begin MonoManager ReloadAssembly
Native extension for WindowsStandalone target not found
Refreshing native plugins compatible for Editor in 0.68 ms, found 2 plugins.
Preloading 0 native plugins for Editor in 0.00 ms.
Mono: successfully reloaded assembly
- Completed reload, in  1.661 seconds
Platform modules already initialized, skipping
Refreshing native plugins compatible for Editor in 1.25 ms, found 2 plugins.
Preloading 0 native plugins for Editor in 0.00 ms.
Unloading 2159 Unused Serialized files (Serialized files now loaded: 0)
System memory in use before: 136.5 MB.
System memory in use after: 136.6 MB.

Unloading 79 unused Assets to reduce memory usage. Loaded Objects now: 2753.
Total: 4.591300 ms (FindLiveObjects: 0.322100 ms CreateObjectMapping: 0.442800 ms MarkObjects: 3.479000 ms  DeleteObjects: 0.345700 ms)

========================================================================
Received Prepare
Registering precompiled user dll's ...
Registered in 0.007508 seconds.
Begin MonoManager ReloadAssembly
Native extension for WindowsStandalone target not found
Refreshing native plugins compatible for Editor in 0.83 ms, found 2 plugins.
Preloading 0 native plugins for Editor in 0.00 ms.
Mono: successfully reloaded assembly
- Completed reload, in  1.596 seconds
Platform modules already initialized, skipping
Refreshing native plugins compatible for Editor in 0.83 ms, found 2 plugins.
Preloading 0 native plugins for Editor in 0.00 ms.
Unloading 2159 Unused Serialized files (Serialized files now loaded: 0)
System memory in use before: 136.5 MB.
System memory in use after: 136.6 MB.

Unloading 79 unused Assets to reduce memory usage. Loaded Objects now: 2755.
Total: 2.990200 ms (FindLiveObjects: 0.328400 ms CreateObjectMapping: 0.188400 ms MarkObjects: 2.154300 ms  DeleteObjects: 0.317600 ms)

========================================================================
Received Prepare
Registering precompiled user dll's ...
Registered in 0.008913 seconds.
Begin MonoManager ReloadAssembly
Native extension for WindowsStandalone target not found
Refreshing native plugins compatible for Editor in 0.77 ms, found 2 plugins.
Preloading 0 native plugins for Editor in 0.00 ms.
Mono: successfully reloaded assembly
- Completed reload, in  2.319 seconds
Platform modules already initialized, skipping
Refreshing native plugins compatible for Editor in 0.65 ms, found 2 plugins.
Preloading 0 native plugins for Editor in 0.00 ms.
Unloading 2159 Unused Serialized files (Serialized files now loaded: 0)
System memory in use before: 136.5 MB.
System memory in use after: 136.6 MB.

Unloading 79 unused Assets to reduce memory usage. Loaded Objects now: 2757.
Total: 3.161900 ms (FindLiveObjects: 0.300600 ms CreateObjectMapping: 0.117900 ms MarkObjects: 2.440400 ms  DeleteObjects: 0.301800 ms)

========================================================================
Received Prepare
Registering precompiled user dll's ...
Registered in 0.008176 seconds.
Begin MonoManager ReloadAssembly
Native extension for WindowsStandalone target not found
Refreshing native plugins compatible for Editor in 0.66 ms, found 2 plugins.
Preloading 0 native plugins for Editor in 0.00 ms.
Mono: successfully reloaded assembly
- Completed reload, in  1.450 seconds
Platform modules already initialized, skipping
Refreshing native plugins compatible for Editor in 0.84 ms, found 2 plugins.
Preloading 0 native plugins for Editor in 0.00 ms.
Unloading 2159 Unused Serialized files (Serialized files now loaded: 0)
System memory in use before: 136.4 MB.
System memory in use after: 136.6 MB.

Unloading 79 unused Assets to reduce memory usage. Loaded Objects now: 2759.
Total: 3.545000 ms (FindLiveObjects: 0.241900 ms CreateObjectMapping: 0.110300 ms MarkObjects: 2.914700 ms  DeleteObjects: 0.276700 ms)

========================================================================
Received Prepare
Registering precompiled user dll's ...
Registered in 0.011306 seconds.
Begin MonoManager ReloadAssembly
Native extension for WindowsStandalone target not found
Refreshing native plugins compatible for Editor in 1.15 ms, found 2 plugins.
Preloading 0 native plugins for Editor in 0.00 ms.
Mono: successfully reloaded assembly
- Completed reload, in  2.061 seconds
Platform modules already initialized, skipping
Refreshing native plugins compatible for Editor in 0.72 ms, found 2 plugins.
Preloading 0 native plugins for Editor in 0.00 ms.
Unloading 2159 Unused Serialized files (Serialized files now loaded: 0)
System memory in use before: 136.5 MB.
System memory in use after: 136.7 MB.

Unloading 79 unused Assets to reduce memory usage. Loaded Objects now: 2761.
Total: 3.117700 ms (FindLiveObjects: 0.291000 ms CreateObjectMapping: 0.113300 ms MarkObjects: 2.407500 ms  DeleteObjects: 0.304500 ms)

========================================================================
Received Prepare
Registering precompiled user dll's ...
Registered in 0.007421 seconds.
Begin MonoManager ReloadAssembly
Native extension for WindowsStandalone target not found
Refreshing native plugins compatible for Editor in 0.66 ms, found 2 plugins.
Preloading 0 native plugins for Editor in 0.00 ms.
Mono: successfully reloaded assembly
- Completed reload, in  1.545 seconds
Platform modules already initialized, skipping
Refreshing native plugins compatible for Editor in 1.88 ms, found 2 plugins.
Preloading 0 native plugins for Editor in 0.00 ms.
Unloading 2159 Unused Serialized files (Serialized files now loaded: 0)
System memory in use before: 136.5 MB.
System memory in use after: 136.7 MB.

Unloading 79 unused Assets to reduce memory usage. Loaded Objects now: 2763.
Total: 5.671600 ms (FindLiveObjects: 0.323900 ms CreateObjectMapping: 0.132000 ms MarkObjects: 2.868300 ms  DeleteObjects: 2.345600 ms)

========================================================================
Received Prepare
Registering precompiled user dll's ...
Registered in 0.008037 seconds.
Begin MonoManager ReloadAssembly
Native extension for WindowsStandalone target not found
Refreshing native plugins compatible for Editor in 0.71 ms, found 2 plugins.
Preloading 0 native plugins for Editor in 0.00 ms.
Mono: successfully reloaded assembly
- Completed reload, in  1.547 seconds
Platform modules already initialized, skipping
Refreshing native plugins compatible for Editor in 0.74 ms, found 2 plugins.
Preloading 0 native plugins for Editor in 0.00 ms.
Unloading 2159 Unused Serialized files (Serialized files now loaded: 0)
System memory in use before: 136.5 MB.
System memory in use after: 136.7 MB.

Unloading 79 unused Assets to reduce memory usage. Loaded Objects now: 2765.
Total: 4.030100 ms (FindLiveObjects: 0.494800 ms CreateObjectMapping: 0.317000 ms MarkObjects: 2.925300 ms  DeleteObjects: 0.291100 ms)

========================================================================
Received Import Request.
  Time since last request: 2308.078065 seconds.
  path: Assets/Honda
  artifactKey: Guid(22768ea531432a34286cfe367a50c675) Importer(815301076,1909f56bfc062723c751e8b465ee728b)
Start importing Assets/Honda using Guid(22768ea531432a34286cfe367a50c675) Importer(815301076,1909f56bfc062723c751e8b465ee728b)  -> (artifact id: 'ea1c67e30c1841d003cf42e544b3350e') in 0.029016 seconds
  Import took 0.038344 seconds .

========================================================================
Received Import Request.
  Time since last request: 0.010238 seconds.
  path: Assets/Honda/07LogoTypeGothic-Condense.ttf
  artifactKey: Guid(38119b8685eb6e24785b16babcf4643a) Importer(815301076,1909f56bfc062723c751e8b465ee728b)
Start importing Assets/Honda/07LogoTypeGothic-Condense.ttf using Guid(38119b8685eb6e24785b16babcf4643a) Importer(815301076,1909f56bfc062723c751e8b465ee728b)  -> (artifact id: '74e1a12bfe93cae19a5331c781cb8046') in 3.497418 seconds
  Import took 3.504811 seconds .

========================================================================
Received Import Request.
  Time since last request: 0.001241 seconds.
  path: Assets/Honda/op.prefab
  artifactKey: Guid(0b98f4b0a541ed345a4636153a2c3789) Importer(815301076,1909f56bfc062723c751e8b465ee728b)
Start importing Assets/Honda/op.prefab using Guid(0b98f4b0a541ed345a4636153a2c3789) Importer(815301076,1909f56bfc062723c751e8b465ee728b)  -> (artifact id: 'ccb9d85e7937a15c3f35c1e06e367a0c') in 0.081919 seconds
  Import took 0.089627 seconds .

========================================================================
Received Import Request.
  Time since last request: 0.000257 seconds.
  path: Assets/Honda/test.prefab
  artifactKey: Guid(0d50f0d00a117884da3349217e77cd6e) Importer(815301076,1909f56bfc062723c751e8b465ee728b)
Start importing Assets/Honda/test.prefab using Guid(0d50f0d00a117884da3349217e77cd6e) Importer(815301076,1909f56bfc062723c751e8b465ee728b)  -> (artifact id: '09829f65cc492af710c5ef08f283fa8b') in 0.368440 seconds
  Import took 0.377287 seconds .

========================================================================
Received Import Request.
  Time since last request: 0.000295 seconds.
  path: Assets/Honda/SoldierTimeline.playable
  artifactKey: Guid(694a855e7acee9d49acc052f9411f68e) Importer(815301076,1909f56bfc062723c751e8b465ee728b)
Start importing Assets/Honda/SoldierTimeline.playable using Guid(694a855e7acee9d49acc052f9411f68e) Importer(815301076,1909f56bfc062723c751e8b465ee728b)  -> (artifact id: 'dd2a85c48cb5278ac487a1d68afc5939') in 0.047396 seconds
  Import took 0.053142 seconds .

========================================================================
Received Import Request.
  Time since last request: 0.000340 seconds.
  path: Assets/Honda/SoldierTimeline 1.playable
  artifactKey: Guid(16216e3da24a35e4abd8465c4622b783) Importer(815301076,1909f56bfc062723c751e8b465ee728b)
Start importing Assets/Honda/SoldierTimeline 1.playable using Guid(16216e3da24a35e4abd8465c4622b783) Importer(815301076,1909f56bfc062723c751e8b465ee728b)  -> (artifact id: '6226acc7a29862eebcbff1eb34c9b89f') in 0.014856 seconds
  Import took 0.022508 seconds .

========================================================================
Received Import Request.
  Time since last request: 0.000399 seconds.
  path: Assets/Honda/NewLayer 1.terrainlayer
  artifactKey: Guid(a5e494c738b260349aad3fc407afa52c) Importer(815301076,1909f56bfc062723c751e8b465ee728b)
Start importing Assets/Honda/NewLayer 1.terrainlayer using Guid(a5e494c738b260349aad3fc407afa52c) Importer(815301076,1909f56bfc062723c751e8b465ee728b)  -> (artifact id: 'cb1c2f4a8621bc6f70246b64feb880a2') in 0.038510 seconds
  Import took 0.046179 seconds .

========================================================================
Received Import Request.
  Time since last request: 0.000285 seconds.
  path: Assets/Honda/NewLayer.terrainlayer
  artifactKey: Guid(e14482059ec6da6409c759a453694528) Importer(815301076,1909f56bfc062723c751e8b465ee728b)
Start importing Assets/Honda/NewLayer.terrainlayer using Guid(e14482059ec6da6409c759a453694528) Importer(815301076,1909f56bfc062723c751e8b465ee728b)  -> (artifact id: 'bf0014694a6b48a6f527e747fbeea2db') in 0.037505 seconds
  Import took 0.043412 seconds .

========================================================================
Received Import Request.
  Time since last request: 0.000335 seconds.
  path: Assets/Honda/New Terrain.asset
  artifactKey: Guid(de8bd3fd7649b2c4cbeaf215fdeb5847) Importer(815301076,1909f56bfc062723c751e8b465ee728b)
Start importing Assets/Honda/New Terrain.asset using Guid(de8bd3fd7649b2c4cbeaf215fdeb5847) Importer(815301076,1909f56bfc062723c751e8b465ee728b)  -> (artifact id: '7897f1357a972cea2531db965c03f91b') in 0.064061 seconds
  Import took 0.071750 seconds .

========================================================================
Received Import Request.
  Time since last request: 0.006997 seconds.
  path: Assets/Honda/New Terrain.asset
  artifactKey: Guid(de8bd3fd7649b2c4cbeaf215fdeb5847) Importer(815301076,1909f56bfc062723c751e8b465ee728b)
Start importing Assets/Honda/New Terrain.asset using Guid(de8bd3fd7649b2c4cbeaf215fdeb5847) Importer(815301076,1909f56bfc062723c751e8b465ee728b)  -> (artifact id: '7897f1357a972cea2531db965c03f91b') in 0.026793 seconds
  Import took 0.033940 seconds .

========================================================================
Received Import Request.
  Time since last request: 2.781934 seconds.
  path: Assets/Honda/Prefab
  artifactKey: Guid(eb4821056669b4d499785c24dada60b0) Importer(815301076,1909f56bfc062723c751e8b465ee728b)
Start importing Assets/Honda/Prefab using Guid(eb4821056669b4d499785c24dada60b0) Importer(815301076,1909f56bfc062723c751e8b465ee728b)  -> (artifact id: '1a6c641c8e1dc063c2976a629ba5dd87') in 0.011187 seconds
  Import took 0.017796 seconds .

========================================================================
Received Import Request.
  Time since last request: 0.061558 seconds.
  path: Assets/Honda/Prefab/hatudenki.prefab
  artifactKey: Guid(aecca86b7ead2e049aefb3dc44e99046) Importer(815301076,1909f56bfc062723c751e8b465ee728b)
Start importing Assets/Honda/Prefab/hatudenki.prefab using Guid(aecca86b7ead2e049aefb3dc44e99046) Importer(815301076,1909f56bfc062723c751e8b465ee728b)  -> (artifact id: 'dabd0f19c3e407a8a113e5413d44fcd0') in 0.012531 seconds
  Import took 0.018720 seconds .

========================================================================
Received Import Request.
  Time since last request: 0.000381 seconds.
  path: Assets/Honda/Prefab/op.prefab
  artifactKey: Guid(2543536f6a4e01f4b850a0600ed2c62b) Importer(815301076,1909f56bfc062723c751e8b465ee728b)
Start importing Assets/Honda/Prefab/op.prefab using Guid(2543536f6a4e01f4b850a0600ed2c62b) Importer(815301076,1909f56bfc062723c751e8b465ee728b)  -> (artifact id: '5afb5308b7ea03ad2d022c39bca7f16f') in 0.008028 seconds
  Import took 0.015030 seconds .

========================================================================
Received Import Request.
  Time since last request: 0.000375 seconds.
  path: Assets/Honda/Prefab/Targets.prefab
  artifactKey: Guid(a406af3cd0d6215458fcfd9ef9c4b5eb) Importer(815301076,1909f56bfc062723c751e8b465ee728b)
Start importing Assets/Honda/Prefab/Targets.prefab using Guid(a406af3cd0d6215458fcfd9ef9c4b5eb) Importer(815301076,1909f56bfc062723c751e8b465ee728b)  -> (artifact id: '8d21f66ea2d33d4dd96eb7387a6e18f0') in 0.014429 seconds
  Import took 0.021073 seconds .

========================================================================
Received Import Request.
  Time since last request: 0.000451 seconds.
  path: Assets/Honda/Prefab/Terrain.prefab
  artifactKey: Guid(a578eb9581f299341bc31c765cce6db9) Importer(815301076,1909f56bfc062723c751e8b465ee728b)
Start importing Assets/Honda/Prefab/Terrain.prefab using Guid(a578eb9581f299341bc31c765cce6db9) Importer(815301076,1909f56bfc062723c751e8b465ee728b)  -> (artifact id: '71cedca7ed268c97c31825530730e9b7') in 0.014029 seconds
  Import took 0.021423 seconds .

========================================================================
Received Import Request.
  Time since last request: 0.000409 seconds.
  path: Assets/Honda/Prefab/op.prefab
  artifactKey: Guid(2543536f6a4e01f4b850a0600ed2c62b) Importer(815301076,1909f56bfc062723c751e8b465ee728b)
Start importing Assets/Honda/Prefab/op.prefab using Guid(2543536f6a4e01f4b850a0600ed2c62b) Importer(815301076,1909f56bfc062723c751e8b465ee728b)  -> (artifact id: '5afb5308b7ea03ad2d022c39bca7f16f') in 0.006869 seconds
  Import took 0.011667 seconds .

========================================================================
Received Import Request.
  Time since last request: 0.000372 seconds.
  path: Assets/Honda/Prefab/hatudenki.prefab
  artifactKey: Guid(aecca86b7ead2e049aefb3dc44e99046) Importer(815301076,1909f56bfc062723c751e8b465ee728b)
Start importing Assets/Honda/Prefab/hatudenki.prefab using Guid(aecca86b7ead2e049aefb3dc44e99046) Importer(815301076,1909f56bfc062723c751e8b465ee728b)  -> (artifact id: 'dabd0f19c3e407a8a113e5413d44fcd0') in 0.007411 seconds
  Import took 0.012571 seconds .

========================================================================
Received Prepare
Registering precompiled user dll's ...
Registered in 0.030509 seconds.
Begin MonoManager ReloadAssembly
Native extension for WindowsStandalone target not found
Refreshing native plugins compatible for Editor in 0.91 ms, found 2 plugins.
Preloading 0 native plugins for Editor in 0.00 ms.
Mono: successfully reloaded assembly
- Completed reload, in  1.664 seconds
Platform modules already initialized, skipping
Refreshing native plugins compatible for Editor in 0.77 ms, found 2 plugins.
Preloading 0 native plugins for Editor in 0.00 ms.
Unloading 2159 Unused Serialized files (Serialized files now loaded: 0)
System memory in use before: 137.1 MB.
System memory in use after: 137.3 MB.

Unloading 82 unused Assets to reduce memory usage. Loaded Objects now: 2810.
Total: 4.962800 ms (FindLiveObjects: 0.244500 ms CreateObjectMapping: 0.250900 ms MarkObjects: 4.015600 ms  DeleteObjects: 0.449900 ms)

========================================================================
Received Import Request.
  Time since last request: 9.538551 seconds.
  path: Assets/Honda/Prefab/BossEventHit.prefab
  artifactKey: Guid(df64b0135b2ee3b4786f7aa8c1db5268) Importer(815301076,1909f56bfc062723c751e8b465ee728b)
Start importing Assets/Honda/Prefab/BossEventHit.prefab using Guid(df64b0135b2ee3b4786f7aa8c1db5268) Importer(815301076,1909f56bfc062723c751e8b465ee728b)  -> (artifact id: 'de17fbf448328fe57feb7a7deeea8732') in 0.103582 seconds
  Import took 0.108909 seconds .

AssetImportWorkerClient::OnTransportError - code=2 error=End of file
