Using pre-set license
Built from '2020.3/staging' branch; Version is '2020.3.11f1 (99c7afb366b3) revision 10078127'; Using compiler version '192528614'; Build Type 'Release'
OS: 'Windows 10 Home; OS build 19042.1348; Version 2009; 64bit' Language: 'ja' Physical Memory: 16325 MB
BatchMode: 1, IsHumanControllingUs: 0, StartBugReporterOnCrash: 0, Is64bit: 1, IsPro: 0

 COMMAND LINE ARGUMENTS:
C:\Program Files\Unity\Hub\Editor\2020.3.11f1\Editor\Unity.exe
-adb2
-batchMode
-noUpm
-name
AssetImportWorker0
-projectPath
C:/Users/kaede/OneDrive/デスクトップ/team02_2/sotugyouseisaku
-logFile
Logs/AssetImportWorker0.log
-srvPort
60736
Successfully changed project path to: C:/Users/kaede/OneDrive/デスクトップ/team02_2/sotugyouseisaku
C:/Users/kaede/OneDrive/デスクトップ/team02_2/sotugyouseisaku
Using Asset Import Pipeline V2.
Refreshing native plugins compatible for Editor in 97.92 ms, found 2 plugins.
Preloading 0 native plugins for Editor in 0.00 ms.
Initialize engine version: 2020.3.11f1 (99c7afb366b3)
[Subsystems] Discovering subsystems at path C:/Program Files/Unity/Hub/Editor/2020.3.11f1/Editor/Data/Resources/UnitySubsystems
[Subsystems] Discovering subsystems at path C:/Users/kaede/OneDrive/デスクトップ/team02_2/sotugyouseisaku/Assets
GfxDevice: creating device client; threaded=0
Direct3D:
    Version:  Direct3D 11.0 [level 11.1]
    Renderer: NVIDIA GeForce GTX 1060 (ID=0x1c20)
    Vendor:   
    VRAM:     6052 MB
    Driver:   30.0.14.9649
Initialize mono
Mono path[0] = 'C:/Program Files/Unity/Hub/Editor/2020.3.11f1/Editor/Data/Managed'
Mono path[1] = 'C:/Program Files/Unity/Hub/Editor/2020.3.11f1/Editor/Data/MonoBleedingEdge/lib/mono/unityjit'
Mono config path = 'C:/Program Files/Unity/Hub/Editor/2020.3.11f1/Editor/Data/MonoBleedingEdge/etc'
Using monoOptions --debugger-agent=transport=dt_socket,embedding=1,server=y,suspend=n,address=127.0.0.1:56908
Begin MonoManager ReloadAssembly
Registering precompiled unity dll's ...
Register platform support module: C:/Program Files/Unity/Hub/Editor/2020.3.11f1/Editor/Data/PlaybackEngines/WebGLSupport/UnityEditor.WebGL.Extensions.dll
Register platform support module: C:/Program Files/Unity/Hub/Editor/2020.3.11f1/Editor/Data/PlaybackEngines/MacStandaloneSupport/UnityEditor.OSXStandalone.Extensions.dll
Register platform support module: C:/Program Files/Unity/Hub/Editor/2020.3.11f1/Editor/Data/PlaybackEngines/WindowsStandaloneSupport/UnityEditor.WindowsStandalone.Extensions.dll
Registered in 0.003409 seconds.
Native extension for WindowsStandalone target not found
Native extension for OSXStandalone target not found
Native extension for WebGL target not found
Refreshing native plugins compatible for Editor in 71.11 ms, found 2 plugins.
Preloading 0 native plugins for Editor in 0.00 ms.
Mono: successfully reloaded assembly
- Completed reload, in  1.523 seconds
Platform modules already initialized, skipping
Registering precompiled user dll's ...
Registered in 0.006486 seconds.
Begin MonoManager ReloadAssembly
Native extension for WindowsStandalone target not found
Native extension for OSXStandalone target not found
Native extension for WebGL target not found
Refreshing native plugins compatible for Editor in 0.83 ms, found 2 plugins.
Preloading 0 native plugins for Editor in 0.00 ms.
Mono: successfully reloaded assembly
- Completed reload, in  1.595 seconds
Platform modules already initialized, skipping
========================================================================
Worker process is ready to serve import requests
Launched and connected shader compiler UnityShaderCompiler.exe after 0.07 seconds
Refreshing native plugins compatible for Editor in 0.92 ms, found 2 plugins.
Preloading 0 native plugins for Editor in 0.00 ms.
Unloading 2228 Unused Serialized files (Serialized files now loaded: 0)
System memory in use before: 126.9 MB.
System memory in use after: 127.1 MB.

Unloading 82 unused Assets to reduce memory usage. Loaded Objects now: 2688.
Total: 2.926500 ms (FindLiveObjects: 0.293800 ms CreateObjectMapping: 0.243300 ms MarkObjects: 2.228200 ms  DeleteObjects: 0.160000 ms)

========================================================================
Received Import Request.
  path: Assets/New Terrain.asset
  artifactKey: Guid(9b09e539baa243442ba40d29eadc0d4a) Importer(815301076,1909f56bfc062723c751e8b465ee728b)
Start importing Assets/New Terrain.asset using Guid(9b09e539baa243442ba40d29eadc0d4a) Importer(815301076,1909f56bfc062723c751e8b465ee728b)  -> (artifact id: '607be6ffbaa3b1b90badb23d8d222bb7') in 0.141869 seconds
  Import took 0.147064 seconds .

========================================================================
Received Import Request.
  Time since last request: 72.030783 seconds.
  path: Assets/koike
  artifactKey: Guid(c1ac8ab4be8a3cb44ad550b06f545782) Importer(815301076,1909f56bfc062723c751e8b465ee728b)
Start importing Assets/koike using Guid(c1ac8ab4be8a3cb44ad550b06f545782) Importer(815301076,1909f56bfc062723c751e8b465ee728b)  -> (artifact id: 'de924354432be204e62b0fcc597bda8c') in 0.009842 seconds
  Import took 0.014937 seconds .

========================================================================
Received Import Request.
  Time since last request: 0.085001 seconds.
  path: Assets/koike/Canvas.prefab
  artifactKey: Guid(520cfcf487bc2d240b5d7adf382df099) Importer(815301076,1909f56bfc062723c751e8b465ee728b)
Start importing Assets/koike/Canvas.prefab using Guid(520cfcf487bc2d240b5d7adf382df099) Importer(815301076,1909f56bfc062723c751e8b465ee728b)  -> (artifact id: '156c027b19608143a31ea54bccce9f4b') in 0.039156 seconds
  Import took 0.043181 seconds .

========================================================================
Received Import Request.
  Time since last request: 0.000330 seconds.
  path: Assets/koike/MADHAZARD.png
  artifactKey: Guid(fcb12a30c97a8b24596e1e8333e6253f) Importer(815301076,1909f56bfc062723c751e8b465ee728b)
Start importing Assets/koike/MADHAZARD.png using Guid(fcb12a30c97a8b24596e1e8333e6253f) Importer(815301076,1909f56bfc062723c751e8b465ee728b)  -> (artifact id: '1ceb420d20389faf33886b4314ef687d') in 0.123732 seconds
  Import took 0.128708 seconds .

========================================================================
Received Import Request.
  Time since last request: 0.000405 seconds.
  path: Assets/koike/GAMEOVER.png
  artifactKey: Guid(8fdfdbe2c2890484090e80b537dd7d2a) Importer(815301076,1909f56bfc062723c751e8b465ee728b)
Start importing Assets/koike/GAMEOVER.png using Guid(8fdfdbe2c2890484090e80b537dd7d2a) Importer(815301076,1909f56bfc062723c751e8b465ee728b)  -> (artifact id: '4f8fa069d0b02f179d96f2c542e63420') in 0.020443 seconds
  Import took 0.025942 seconds .

========================================================================
Received Import Request.
  Time since last request: 0.000364 seconds.
  path: Assets/koike/se_horror2.wav
  artifactKey: Guid(fa45db7269586cd4b9d63690b22a1892) Importer(815301076,1909f56bfc062723c751e8b465ee728b)
Start importing Assets/koike/se_horror2.wav using Guid(fa45db7269586cd4b9d63690b22a1892) Importer(815301076,1909f56bfc062723c751e8b465ee728b)  -> (artifact id: '22dbded44a2220c70972a05ecd84bda2') in 0.061527 seconds
  Import took 0.065996 seconds .

========================================================================
Received Import Request.
  Time since last request: 0.000414 seconds.
  path: Assets/koike/MADHAZARD4.png
  artifactKey: Guid(b2c3a1658fa0edb4b868afe71381e1b8) Importer(815301076,1909f56bfc062723c751e8b465ee728b)
Start importing Assets/koike/MADHAZARD4.png using Guid(b2c3a1658fa0edb4b868afe71381e1b8) Importer(815301076,1909f56bfc062723c751e8b465ee728b)  -> (artifact id: '01f67f447b217d9bb2349e2b6212f986') in 0.024108 seconds
  Import took 0.027860 seconds .

========================================================================
Received Import Request.
  Time since last request: 0.000301 seconds.
  path: Assets/koike/Toilet Stalls (freestd.3DS
  artifactKey: Guid(7aa10a8f24a0e174e8c6268b5ccf4003) Importer(815301076,1909f56bfc062723c751e8b465ee728b)
Start importing Assets/koike/Toilet Stalls (freestd.3DS using Guid(7aa10a8f24a0e174e8c6268b5ccf4003) Importer(815301076,1909f56bfc062723c751e8b465ee728b)  -> (artifact id: '81c306c1970828ac7c6b17f9575f6e43') in 0.316993 seconds
  Import took 0.322881 seconds .

========================================================================
Received Import Request.
  Time since last request: 1.015568 seconds.
  path: Assets/koike/Prefab
  artifactKey: Guid(5ab18880937dbd04788439fc4594841f) Importer(815301076,1909f56bfc062723c751e8b465ee728b)
Start importing Assets/koike/Prefab using Guid(5ab18880937dbd04788439fc4594841f) Importer(815301076,1909f56bfc062723c751e8b465ee728b)  -> (artifact id: 'fad7785421d88745f813db35a12ec9ab') in 0.010244 seconds
  Import took 0.015415 seconds .

========================================================================
Received Import Request.
  Time since last request: 0.006213 seconds.
  path: Assets/koike/Prefab
  artifactKey: Guid(5ab18880937dbd04788439fc4594841f) Importer(815301076,1909f56bfc062723c751e8b465ee728b)
Start importing Assets/koike/Prefab using Guid(5ab18880937dbd04788439fc4594841f) Importer(815301076,1909f56bfc062723c751e8b465ee728b)  -> (artifact id: 'fad7785421d88745f813db35a12ec9ab') in 0.003273 seconds
  Import took 0.008531 seconds .

========================================================================
Received Import Request.
  Time since last request: 0.061990 seconds.
  path: Assets/koike/Prefab/2F_room1.prefab
  artifactKey: Guid(3a699f2e9e999d4498df11f6091adf0b) Importer(815301076,1909f56bfc062723c751e8b465ee728b)
Start importing Assets/koike/Prefab/2F_room1.prefab using Guid(3a699f2e9e999d4498df11f6091adf0b) Importer(815301076,1909f56bfc062723c751e8b465ee728b)  -> (artifact id: 'e673700ea2fee0e244e37c769808abfd') in 0.101784 seconds
  Import took 0.110692 seconds .

========================================================================
Received Import Request.
  Time since last request: 0.000296 seconds.
  path: Assets/koike/Prefab/2F_room6.prefab
  artifactKey: Guid(fb6b1c9f99d6bd64d911c8951254ce49) Importer(815301076,1909f56bfc062723c751e8b465ee728b)
Start importing Assets/koike/Prefab/2F_room6.prefab using Guid(fb6b1c9f99d6bd64d911c8951254ce49) Importer(815301076,1909f56bfc062723c751e8b465ee728b)  -> (artifact id: 'ca91e5cfee3112a28887587640b07211') in 0.220831 seconds
  Import took 0.239289 seconds .

========================================================================
Received Import Request.
  Time since last request: 0.000330 seconds.
  path: Assets/koike/Prefab/room.prefab
  artifactKey: Guid(b92aff78e680b404c8c7bfc11869f74e) Importer(815301076,1909f56bfc062723c751e8b465ee728b)
Start importing Assets/koike/Prefab/room.prefab using Guid(b92aff78e680b404c8c7bfc11869f74e) Importer(815301076,1909f56bfc062723c751e8b465ee728b)  -> (artifact id: '30fe636ae9ab54d9a24b2cc430e5c2fe') in 0.027115 seconds
  Import took 0.032537 seconds .

========================================================================
Received Import Request.
  Time since last request: 0.000311 seconds.
  path: Assets/koike/Prefab/2F_room2.prefab
  artifactKey: Guid(7c235e838004cc7468092f0c3ff65046) Importer(815301076,1909f56bfc062723c751e8b465ee728b)
Start importing Assets/koike/Prefab/2F_room2.prefab using Guid(7c235e838004cc7468092f0c3ff65046) Importer(815301076,1909f56bfc062723c751e8b465ee728b)  -> (artifact id: 'ce51846b4d390629896e6dbf57510445') in 0.083533 seconds
  Import took 0.092012 seconds .

========================================================================
Received Import Request.
  Time since last request: 0.000251 seconds.
  path: Assets/koike/Prefab/room2.prefab
  artifactKey: Guid(e40b77abe1d1da34998e1ad0ed104659) Importer(815301076,1909f56bfc062723c751e8b465ee728b)
Start importing Assets/koike/Prefab/room2.prefab using Guid(e40b77abe1d1da34998e1ad0ed104659) Importer(815301076,1909f56bfc062723c751e8b465ee728b)  -> (artifact id: '050864e3e452330e5ba7403f52b854c5') in 0.147942 seconds
  Import took 0.163809 seconds .

========================================================================
Received Import Request.
  Time since last request: 0.001054 seconds.
  path: Assets/koike/Prefab/2F_room4.prefab
  artifactKey: Guid(28359dceeae837f448676c9794276236) Importer(815301076,1909f56bfc062723c751e8b465ee728b)
Start importing Assets/koike/Prefab/2F_room4.prefab using Guid(28359dceeae837f448676c9794276236) Importer(815301076,1909f56bfc062723c751e8b465ee728b)  -> (artifact id: 'fec8d520dfa7602138880661a3b72e38') in 0.051067 seconds
  Import took 0.104605 seconds .

========================================================================
Received Import Request.
  Time since last request: 0.000302 seconds.
  path: Assets/koike/Prefab/2F_room3.prefab
  artifactKey: Guid(356e9e6f5907bf143a87d3a166acaea2) Importer(815301076,1909f56bfc062723c751e8b465ee728b)
Start importing Assets/koike/Prefab/2F_room3.prefab using Guid(356e9e6f5907bf143a87d3a166acaea2) Importer(815301076,1909f56bfc062723c751e8b465ee728b)  -> (artifact id: 'adbb35cb2146ac4cd1d4139a0363acaf') in 0.044383 seconds
  Import took 0.051666 seconds .

========================================================================
Received Import Request.
  Time since last request: 0.000202 seconds.
  path: Assets/koike/Prefab/2F_room5.prefab
  artifactKey: Guid(b77da89d99cece5469c16c92c401da65) Importer(815301076,1909f56bfc062723c751e8b465ee728b)
Start importing Assets/koike/Prefab/2F_room5.prefab using Guid(b77da89d99cece5469c16c92c401da65) Importer(815301076,1909f56bfc062723c751e8b465ee728b)  -> (artifact id: '774fcb6eddb2a0d1e981074479dc326f') in 0.056820 seconds
  Import took 0.063807 seconds .

========================================================================
Received Import Request.
  Time since last request: 0.000227 seconds.
  path: Assets/koike/Prefab/toilet.prefab
  artifactKey: Guid(107b1b007deda7147b86d4b0b8c5697d) Importer(815301076,1909f56bfc062723c751e8b465ee728b)
Start importing Assets/koike/Prefab/toilet.prefab using Guid(107b1b007deda7147b86d4b0b8c5697d) Importer(815301076,1909f56bfc062723c751e8b465ee728b)  -> (artifact id: '68538d5c41c626cd7d3adf3d9cda781c') in 0.026563 seconds
  Import took 0.031106 seconds .

========================================================================
Received Import Request.
  Time since last request: 0.000280 seconds.
  path: Assets/koike/Prefab/healBox.prefab
  artifactKey: Guid(324f2e2697e8d2f42b5e14a3421d3894) Importer(815301076,1909f56bfc062723c751e8b465ee728b)
Start importing Assets/koike/Prefab/healBox.prefab using Guid(324f2e2697e8d2f42b5e14a3421d3894) Importer(815301076,1909f56bfc062723c751e8b465ee728b)  -> (artifact id: 'fb5c97dfd691f5973ee6baa2de8bd400') in 0.018746 seconds
  Import took 0.024255 seconds .

========================================================================
Received Import Request.
  Time since last request: 0.000278 seconds.
  path: Assets/koike/Prefab/woodsBox.prefab
  artifactKey: Guid(8caab2d05877ef14eba37a632cd36e17) Importer(815301076,1909f56bfc062723c751e8b465ee728b)
Start importing Assets/koike/Prefab/woodsBox.prefab using Guid(8caab2d05877ef14eba37a632cd36e17) Importer(815301076,1909f56bfc062723c751e8b465ee728b)  -> (artifact id: 'c9a6ba0e6484800d8a74cdda65b8de1b') in 0.030464 seconds
  Import took 0.035639 seconds .

========================================================================
Received Import Request.
  Time since last request: 0.000311 seconds.
  path: Assets/koike/Prefab/Boss_room.prefab
  artifactKey: Guid(52238d211b166654e930ac19882b74d3) Importer(815301076,1909f56bfc062723c751e8b465ee728b)
Start importing Assets/koike/Prefab/Boss_room.prefab using Guid(52238d211b166654e930ac19882b74d3) Importer(815301076,1909f56bfc062723c751e8b465ee728b)  -> (artifact id: '130ef8821afd2e238d35ba29ee2cc7e3') in 0.020111 seconds
  Import took 0.025870 seconds .

========================================================================
Received Import Request.
  Time since last request: 0.000243 seconds.
  path: Assets/koike/Prefab/HP_UI.prefab
  artifactKey: Guid(13df50a4988fb57489486339ea119562) Importer(815301076,1909f56bfc062723c751e8b465ee728b)
Start importing Assets/koike/Prefab/HP_UI.prefab using Guid(13df50a4988fb57489486339ea119562) Importer(815301076,1909f56bfc062723c751e8b465ee728b)  -> (artifact id: '711ad596001a41b40f899f9749e256a7') in 0.011758 seconds
  Import took 0.016271 seconds .

========================================================================
Received Import Request.
  Time since last request: 0.000199 seconds.
  path: Assets/koike/Prefab/Lights.prefab
  artifactKey: Guid(243897f9b1f11f4448171f8e0c7dcf21) Importer(815301076,1909f56bfc062723c751e8b465ee728b)
Start importing Assets/koike/Prefab/Lights.prefab using Guid(243897f9b1f11f4448171f8e0c7dcf21) Importer(815301076,1909f56bfc062723c751e8b465ee728b)  -> (artifact id: '33aad667fa9def64ce2c37f07c9845ca') in 0.009408 seconds
  Import took 0.014300 seconds .

========================================================================
Received Import Request.
  Time since last request: 0.000301 seconds.
  path: Assets/koike/Prefab/toilet_room.prefab
  artifactKey: Guid(7ed3e164702c47e49ba1a8192517ff1f) Importer(815301076,1909f56bfc062723c751e8b465ee728b)
Start importing Assets/koike/Prefab/toilet_room.prefab using Guid(7ed3e164702c47e49ba1a8192517ff1f) Importer(815301076,1909f56bfc062723c751e8b465ee728b)  -> (artifact id: '37d8ee65e36047315f2f597a9b5b5f0f') in 0.032297 seconds
  Import took 0.037290 seconds .

========================================================================
Received Import Request.
  Time since last request: 0.000208 seconds.
  path: Assets/koike/Prefab/FirstAidKit_Red.prefab
  artifactKey: Guid(885babc7569c9fa43a950c221c48c9c1) Importer(815301076,1909f56bfc062723c751e8b465ee728b)
Start importing Assets/koike/Prefab/FirstAidKit_Red.prefab using Guid(885babc7569c9fa43a950c221c48c9c1) Importer(815301076,1909f56bfc062723c751e8b465ee728b)  -> (artifact id: '93c12ee3a7ec70732589432770502952') in 0.026381 seconds
  Import took 0.031434 seconds .

========================================================================
Received Import Request.
  Time since last request: 0.000212 seconds.
  path: Assets/koike/Prefab/laten&smallcloset.prefab
  artifactKey: Guid(4862e7238f8b245429065eaa506152fd) Importer(815301076,1909f56bfc062723c751e8b465ee728b)
Start importing Assets/koike/Prefab/laten&smallcloset.prefab using Guid(4862e7238f8b245429065eaa506152fd) Importer(815301076,1909f56bfc062723c751e8b465ee728b)  -> (artifact id: '5741831ee56cfbe316d0a881bb4731cf') in 0.033484 seconds
  Import took 0.038953 seconds .

========================================================================
Received Prepare
Registering precompiled user dll's ...
Registered in 0.008537 seconds.
Begin MonoManager ReloadAssembly
Native extension for WindowsStandalone target not found
Native extension for OSXStandalone target not found
Native extension for WebGL target not found
Refreshing native plugins compatible for Editor in 0.66 ms, found 2 plugins.
Preloading 0 native plugins for Editor in 0.00 ms.
Mono: successfully reloaded assembly
- Completed reload, in  1.399 seconds
Platform modules already initialized, skipping
Refreshing native plugins compatible for Editor in 0.68 ms, found 2 plugins.
Preloading 0 native plugins for Editor in 0.00 ms.
Unloading 2161 Unused Serialized files (Serialized files now loaded: 0)
System memory in use before: 125.5 MB.
System memory in use after: 125.7 MB.

Unloading 79 unused Assets to reduce memory usage. Loaded Objects now: 2743.
Total: 2.713300 ms (FindLiveObjects: 0.374100 ms CreateObjectMapping: 0.185500 ms MarkObjects: 2.013700 ms  DeleteObjects: 0.138600 ms)

AssetImportWorkerClient::OnTransportError - code=2 error=End of file
